11:58:15.731 [main] INFO  testCases.TC007_Search - Search result: Products meeting the search criteria
11:58:15.748 [main] INFO  testCases.TC007_Search - Validation passed: The result matches the expected text.
11:58:15.748 [main] INFO  testCases.TC007_Search - ...Ending TC007_Search..... 
12:00:30.890 [main] DEBUG org.testng.TestNG - suiteXmlPath: "C:\Users\siris\eclipse-workspace\Opencart\master.xml"
12:00:31.124 [main] INFO  org.testng.internal.Utils - [TestNG] Running:
  C:\Users\siris\eclipse-workspace\Opencart\master.xml

12:00:37.984 [main] INFO  testCases.TC007_Search - ...Starting TC007_Search..... 
12:00:40.038 [main] INFO  testCases.TC007_Search - ......login Successful.....
12:00:41.135 [main] INFO  testCases.TC007_Search - Search result: Products meeting the search criteria
12:00:41.139 [main] INFO  testCases.TC007_Search - Validation passed: The result matches the expected text.
12:00:41.140 [main] INFO  testCases.TC007_Search - ...Ending TC007_Search..... 
12:04:32.682 [main] DEBUG org.testng.TestNG - suiteXmlPath: "C:\Users\siris\eclipse-workspace\Opencart\master.xml"
12:04:32.924 [main] INFO  org.testng.internal.Utils - [TestNG] Running:
  C:\Users\siris\eclipse-workspace\Opencart\master.xml

12:04:37.008 [main] INFO  testCases.TC007_Search - ...Starting TC007_Search..... 
12:04:39.262 [main] INFO  testCases.TC007_Search - ......login Successful.....
12:04:40.949 [main] INFO  testCases.TC007_Search - Search result: Products meeting the search criteria
12:04:40.952 [main] INFO  testCases.TC007_Search - Validation passed: The result matches the expected text.
12:04:40.952 [main] INFO  testCases.TC007_Search - ...Ending TC007_Search..... 
12:07:05.680 [main] DEBUG org.testng.TestNG - suiteXmlPath: "C:\Users\siris\eclipse-workspace\Opencart\master.xml"
12:07:05.919 [main] INFO  org.testng.internal.Utils - [TestNG] Running:
  C:\Users\siris\eclipse-workspace\Opencart\master.xml

12:07:11.977 [main] INFO  testCases.TC007_Search - ...Starting TC007_Search..... 
12:07:13.419 [main] INFO  testCases.TC007_Search - ......login Successful.....
12:07:13.419 [main] INFO  testCases.TC007_Search - ......Searching product.....
12:07:14.774 [main] INFO  testCases.TC007_Search - Search result: Products meeting the search criteria
12:07:14.779 [main] INFO  testCases.TC007_Search - Validation passed: The result matches the expected text.
12:07:14.779 [main] INFO  testCases.TC007_Search - ...Ending TC007_Search..... 
12:08:15.568 [main] DEBUG org.testng.TestNG - suiteXmlPath: "C:\Users\siris\eclipse-workspace\Opencart\master.xml"
12:08:15.768 [main] INFO  org.testng.internal.Utils - [TestNG] Running:
  C:\Users\siris\eclipse-workspace\Opencart\master.xml

12:08:34.063 [main] INFO  testCases.TC007_Search - ...Starting TC007_Search..... 
12:08:37.076 [main] INFO  testCases.TC007_Search - ......login Successful.....
12:08:37.076 [main] INFO  testCases.TC007_Search - ......Searching product.....
12:08:38.727 [main] INFO  testCases.TC007_Search - Search result: Products meeting the search criteria
12:50:32.450 [main] DEBUG org.testng.TestNG - suiteXmlPath: "C:\Users\siris\eclipse-workspace\Opencart\master.xml"
12:50:32.737 [main] INFO  org.testng.internal.Utils - [TestNG] Running:
  C:\Users\siris\eclipse-workspace\Opencart\master.xml

12:50:43.211 [main] INFO  testCases.TC008_Wishlist - ...Starting TC008_Wishlist..... 
12:50:44.647 [main] INFO  testCases.TC008_Wishlist - ......login Successful.....
12:50:44.647 [main] INFO  testCases.TC008_Wishlist - ......Searching product.....
12:50:45.220 [main] INFO  testCases.TC008_Wishlist - ...Ending TC008_Wishlist..... 
12:56:09.596 [main] DEBUG org.testng.TestNG - suiteXmlPath: "C:\Users\siris\eclipse-workspace\Opencart\master.xml"
12:56:09.808 [main] INFO  org.testng.internal.Utils - [TestNG] Running:
  C:\Users\siris\eclipse-workspace\Opencart\master.xml

12:56:13.922 [main] INFO  testCases.TC008_Wishlist - ...Starting TC008_Wishlist..... 
12:56:15.473 [main] INFO  testCases.TC008_Wishlist - ......login Successful.....
12:56:15.473 [main] INFO  testCases.TC008_Wishlist - ......Searching product.....
12:56:16.318 [main] INFO  testCases.TC008_Wishlist - get msg: Success: You have added iMac to your wish list!
×
12:59:45.984 [main] DEBUG org.testng.TestNG - suiteXmlPath: "C:\Users\siris\eclipse-workspace\Opencart\master.xml"
12:59:46.298 [main] INFO  org.testng.internal.Utils - [TestNG] Running:
  C:\Users\siris\eclipse-workspace\Opencart\master.xml

12:59:50.670 [main] INFO  testCases.TC008_Wishlist - ...Starting TC008_Wishlist..... 
12:59:52.004 [main] INFO  testCases.TC008_Wishlist - ......login Successful.....
12:59:52.005 [main] INFO  testCases.TC008_Wishlist - ......Searching product.....
12:59:52.473 [main] INFO  testCases.TC008_Wishlist - ...Ending TC008_Wishlist..... 
13:02:14.514 [main] DEBUG org.testng.TestNG - suiteXmlPath: "C:\Users\siris\eclipse-workspace\Opencart\master.xml"
13:02:14.725 [main] INFO  org.testng.internal.Utils - [TestNG] Running:
  C:\Users\siris\eclipse-workspace\Opencart\master.xml

