13:05:54.954 [main] INFO  org.testng.internal.Utils - [TestNG] Time taken by org.testng.reporters.JUnitReportReporter@119f1f2a: 7 ms
13:05:54.959 [main] INFO  org.testng.internal.Utils - [TestNG] Time taken by org.testng.internal.ExitCodeListener@7b139eab: 0 ms
13:06:03.857 [main] DEBUG org.testng.TestNG - suiteXmlPath: "C:\Users\siris\eclipse-workspace\Opencart\master.xml"
13:06:04.073 [main] INFO  org.testng.internal.Utils - [TestNG] Running:
  C:\Users\siris\eclipse-workspace\Opencart\master.xml

13:06:42.987 [main] DEBUG org.testng.TestNG - suiteXmlPath: "C:\Users\siris\eclipse-workspace\Opencart\master.xml"
13:06:43.191 [main] INFO  org.testng.internal.Utils - [TestNG] Running:
  C:\Users\siris\eclipse-workspace\Opencart\master.xml

13:07:30.560 [main] DEBUG org.testng.TestNG - suiteXmlPath: "C:\Users\siris\eclipse-workspace\Opencart\master.xml"
13:07:30.762 [main] INFO  org.testng.internal.Utils - [TestNG] Running:
  C:\Users\siris\eclipse-workspace\Opencart\master.xml

13:19:50.438 [main] DEBUG org.testng.TestNG - suiteXmlPath: "C:\Users\siris\eclipse-workspace\Opencart\master.xml"
13:19:50.649 [main] INFO  org.testng.internal.Utils - [TestNG] Running:
  C:\Users\siris\eclipse-workspace\Opencart\master.xml

13:19:54.437 [main] INFO  testCases.TC010_Address - ...Starting TC010_Address..... 
13:19:54.814 [main] INFO  testCases.TC010_Address - ...Login Successfull..... 
13:19:56.058 [main] INFO  testCases.TC010_Address - ...Enter address details..... 
13:19:58.837 [main] INFO  testCases.TC010_Address - ...Ending TC010_Address..... 
12:16:03.909 [main] DEBUG org.testng.TestNG - suiteXmlPath: "C:\Users\siris\eclipse-workspace\Opencart\master.xml"
12:16:04.146 [main] INFO  org.testng.internal.Utils - [TestNG] Running:
  C:\Users\siris\eclipse-workspace\Opencart\master.xml

12:16:15.541 [main] INFO  testCases.TC010_Address - ...Starting TC010_Address..... 
12:16:16.078 [main] INFO  testCases.TC010_Address - ...Login Successfull..... 
12:16:17.263 [main] INFO  testCases.TC010_Address - ...Enter address details..... 
12:16:20.086 [main] INFO  testCases.TC010_Address - ...Ending TC010_Address..... 
12:17:14.503 [main] DEBUG org.testng.TestNG - suiteXmlPath: "C:\Users\siris\eclipse-workspace\Opencart\master.xml"
12:17:14.709 [main] INFO  org.testng.internal.Utils - [TestNG] Running:
  C:\Users\siris\eclipse-workspace\Opencart\master.xml

12:17:21.246 [main] INFO  testCases.TC010_Address - ...Starting TC010_Address..... 
12:17:21.655 [main] INFO  testCases.TC010_Address - ...Login Successfull..... 
12:17:22.754 [main] INFO  testCases.TC010_Address - ...Enter address details..... 
12:17:25.073 [main] INFO  testCases.TC010_Address - ...Ending TC010_Address..... 
12:27:15.676 [main] DEBUG org.testng.TestNG - suiteXmlPath: "C:\Users\siris\eclipse-workspace\Opencart\master.xml"
12:27:15.877 [main] INFO  org.testng.internal.Utils - [TestNG] Running:
  C:\Users\siris\eclipse-workspace\Opencart\master.xml

12:27:19.410 [main] INFO  testCases.TC010_Address - ...Starting TC010_Address..... 
12:27:19.920 [main] INFO  testCases.TC010_Address - ...Login Successful..... 
12:27:20.852 [main] INFO  testCases.TC010_Address - ...Entering address details without mandatory fields..... 
12:27:22.964 [main] INFO  testCases.TC010_Address - ...Checking for mandatory field errors..... 
12:27:23.040 [main] INFO  testCases.TC010_Address - ...Ending TC010_Address..... 
12:29:06.862 [main] DEBUG org.testng.TestNG - suiteXmlPath: "C:\Users\siris\eclipse-workspace\Opencart\master.xml"
12:29:07.053 [main] INFO  org.testng.internal.Utils - [TestNG] Running:
  C:\Users\siris\eclipse-workspace\Opencart\master.xml

12:29:10.352 [main] INFO  testCases.TC010_Address - ...Starting TC010_Address..... 
12:29:10.815 [main] INFO  testCases.TC010_Address - ...Login Successful..... 
12:29:11.840 [main] INFO  testCases.TC010_Address - ...Entering address details without mandatory fields..... 
12:29:13.804 [main] INFO  testCases.TC010_Address - ...Checking for mandatory field errors..... 
12:29:13.843 [main] INFO  testCases.TC010_Address - ...Ending TC010_Address..... 
12:35:20.430 [main] DEBUG org.testng.TestNG - suiteXmlPath: "C:\Users\siris\eclipse-workspace\Opencart\master.xml"
12:35:20.635 [main] INFO  org.testng.internal.Utils - [TestNG] Running:
  C:\Users\siris\eclipse-workspace\Opencart\master.xml

12:35:24.896 [main] INFO  testCases.TC010_Address - ...Starting TC010_Address..... 
12:35:25.301 [main] INFO  testCases.TC010_Address - ...Login Successful..... 
12:35:26.184 [main] INFO  testCases.TC010_Address - ...Entering address details without mandatory fields..... 
12:35:28.297 [main] INFO  testCases.TC010_Address - ...Checking for mandatory field errors..... 
12:35:28.363 [main] INFO  testCases.TC010_Address - Error message displayed as expected.
12:35:28.363 [main] INFO  testCases.TC010_Address - ...Ending TC010_Address..... 
12:38:16.186 [main] DEBUG org.testng.TestNG - suiteXmlPath: "C:\Users\siris\eclipse-workspace\Opencart\master.xml"
