12:38:16.383 [main] INFO  org.testng.internal.Utils - [TestNG] Running:
  C:\Users\siris\eclipse-workspace\Opencart\master.xml

12:38:20.030 [main] INFO  testCases.TC010_Address - ...Starting TC010_Address..... 
12:38:20.513 [main] INFO  testCases.TC010_Address - ...Login Successful..... 
12:38:21.402 [main] INFO  testCases.TC010_Address - ...Entering address details without mandatory fields..... 
12:38:23.489 [main] INFO  testCases.TC010_Address - ...Checking for mandatory field errors..... 
12:38:23.534 [main] INFO  testCases.TC010_Address - Test Passed: Error message is displayed or form submission failed as expected.
12:38:23.539 [main] INFO  testCases.TC010_Address - ...Ending TC010_Address..... 
12:03:06.246 [main] DEBUG org.testng.TestNG - suiteXmlPath: "C:\Users\siris\eclipse-workspace\Opencart\master.xml"
12:03:06.781 [main] INFO  org.testng.internal.Utils - [TestNG] Running:
  C:\Users\siris\eclipse-workspace\Opencart\master.xml

12:03:19.778 [main] INFO  testCases.TC010_Address - ...Starting TC010_Address..... 
12:03:20.635 [main] INFO  testCases.TC010_Address - ...Login Successfull..... 
12:03:21.532 [main] INFO  testCases.TC010_Address - ...Enter address details..... 
12:03:24.080 [main] INFO  testCases.TC010_Address - ...Ending TC010_Address..... 
12:37:14.582 [main] DEBUG org.testng.TestNG - suiteXmlPath: "C:\Users\siris\eclipse-workspace\Opencart\master.xml"
12:37:14.919 [main] INFO  org.testng.internal.Utils - [TestNG] Running:
  C:\Users\siris\eclipse-workspace\Opencart\master.xml

12:37:20.215 [main] INFO  testCases.TC005_ForgotPassword - ...Starting TC005_ForgotPassword..... 
12:37:58.671 [main] DEBUG org.testng.TestNG - suiteXmlPath: "C:\Users\siris\eclipse-workspace\Opencart\master.xml"
12:37:58.889 [main] INFO  org.testng.internal.Utils - [TestNG] Running:
  C:\Users\siris\eclipse-workspace\Opencart\master.xml

12:38:02.217 [main] INFO  testCases.TC005_ForgotPassword - ...Starting TC005_ForgotPassword..... 
12:42:10.691 [main] DEBUG org.testng.TestNG - suiteXmlPath: "C:\Users\siris\eclipse-workspace\Opencart\master.xml"
12:42:10.949 [main] INFO  org.testng.internal.Utils - [TestNG] Running:
  C:\Users\siris\eclipse-workspace\Opencart\master.xml

12:42:15.466 [main] INFO  testCases.TC005_ForgotPassword - ...Starting TC005_ForgotPassword..... 
