13:02:19.408 [main] INFO  testCases.TC008_Wishlist - ...Starting TC008_Wishlist..... 
13:02:20.943 [main] INFO  testCases.TC008_Wishlist - ......login Successful.....
13:02:20.944 [main] INFO  testCases.TC008_Wishlist - ......Searching product.....
13:02:21.841 [main] INFO  testCases.TC008_Wishlist - get msg: Success: You have added iMac to your wish list!
×
13:19:56.086 [main] DEBUG org.testng.TestNG - suiteXmlPath: "C:\Users\siris\eclipse-workspace\Opencart\master.xml"
13:19:56.296 [main] INFO  org.testng.internal.Utils - [TestNG] Running:
  C:\Users\siris\eclipse-workspace\Opencart\master.xml

13:20:00.825 [main] INFO  testCases.TC008_Wishlist - ...Starting TC008_Wishlist..... 
13:20:02.241 [main] INFO  testCases.TC008_Wishlist - ......Login successful.....
13:20:02.242 [main] INFO  testCases.TC008_Wishlist - ......Searching product.....
13:20:02.971 [main] INFO  testCases.TC008_Wishlist - Success message received: Success: You have added iMac to your wish list!
×
13:21:25.869 [main] DEBUG org.testng.TestNG - suiteXmlPath: "C:\Users\siris\eclipse-workspace\Opencart\master.xml"
13:21:26.080 [main] INFO  org.testng.internal.Utils - [TestNG] Running:
  C:\Users\siris\eclipse-workspace\Opencart\master.xml

13:21:30.189 [main] INFO  testCases.TC008_Wishlist - ...Starting TC008_Wishlist..... 
13:21:31.332 [main] INFO  testCases.TC008_Wishlist - ......Login successful.....
13:21:31.333 [main] INFO  testCases.TC008_Wishlist - ......Searching product.....
13:21:32.379 [main] INFO  testCases.TC008_Wishlist - Success message received: Success: You have added iMac to your wish list!
×
13:21:32.382 [main] INFO  testCases.TC008_Wishlist - Validation failed: The result doesn't match the expected text.
13:21:32.382 [main] INFO  testCases.TC008_Wishlist - ...Ending TC008_Wishlist..... 
12:50:23.738 [main] DEBUG org.testng.TestNG - suiteXmlPath: "C:\Users\siris\eclipse-workspace\Opencart\master.xml"
12:50:23.966 [main] INFO  org.testng.internal.Utils - [TestNG] Running:
  C:\Users\siris\eclipse-workspace\Opencart\master.xml

12:50:36.104 [main] INFO  testCases.TC008_Wishlist - ...Starting TC008_Wishlist..... 
12:50:37.395 [main] INFO  testCases.TC008_Wishlist - ......Login successful.....
12:50:37.395 [main] INFO  testCases.TC008_Wishlist - ......Searching product.....
12:50:38.139 [main] INFO  testCases.TC008_Wishlist - Success message received: Success: You have added iMac to your wish list!
×
12:50:38.142 [main] INFO  testCases.TC008_Wishlist - Validation failed: The result doesn't match the expected text.
12:50:39.142 [main] INFO  testCases.TC008_Wishlist - ...Ending TC008_Wishlist..... 
12:57:37.858 [main] DEBUG org.testng.TestNG - suiteXmlPath: "C:\Users\siris\eclipse-workspace\Opencart\master.xml"
12:57:38.102 [main] INFO  org.testng.internal.Utils - [TestNG] Running:
  C:\Users\siris\eclipse-workspace\Opencart\master.xml

12:57:44.321 [main] INFO  testCases.TC008_Wishlist - ...Starting TC008_Wishlist..... 
12:57:45.654 [main] INFO  testCases.TC008_Wishlist - ......Login successful.....
12:57:45.655 [main] INFO  testCases.TC008_Wishlist - ......Searching product.....
12:57:46.437 [main] INFO  testCases.TC008_Wishlist - Success message received: Success: You have added iMac to your wish list!
×
12:57:46.443 [main] INFO  testCases.TC008_Wishlist - Validation failed: The result doesn't match the expected text.
12:57:46.917 [main] INFO  testCases.TC008_Wishlist - display my whishlist
12:58:41.807 [main] DEBUG org.testng.TestNG - suiteXmlPath: "C:\Users\siris\eclipse-workspace\Opencart\master.xml"
12:58:42.028 [main] INFO  org.testng.internal.Utils - [TestNG] Running:
  C:\Users\siris\eclipse-workspace\Opencart\master.xml

12:58:50.392 [main] INFO  testCases.TC008_Wishlist - ...Starting TC008_Wishlist..... 
12:58:52.086 [main] INFO  testCases.TC008_Wishlist - ......Login successful.....
12:58:52.086 [main] INFO  testCases.TC008_Wishlist - ......Searching product.....
12:58:53.751 [main] INFO  testCases.TC008_Wishlist - Success message received: Success: You have added iMac to your wish list!
×
12:58:53.756 [main] INFO  testCases.TC008_Wishlist - Validation failed: The result doesn't match the expected text.
12:58:54.632 [main] INFO  testCases.TC008_Wishlist - ...Ending TC008_Wishlist..... 
13:22:03.736 [main] DEBUG org.testng.TestNG - suiteXmlPath: "C:\Users\siris\eclipse-workspace\Opencart\master.xml"
13:22:04.007 [main] INFO  org.testng.internal.Utils - [TestNG] Running:
  C:\Users\siris\eclipse-workspace\Opencart\master.xml

13:22:17.951 [main] INFO  testCases.TC008_Wishlist - ...Starting TC008_Wishlist..... 
13:22:19.461 [main] INFO  testCases.TC008_Wishlist - ......Login successful.....
13:22:19.461 [main] INFO  testCases.TC008_Wishlist - ......Searching product.....
13:22:20.465 [main] INFO  testCases.TC008_Wishlist - Success message received: Success: You have added iMac to your wish list!
×
13:22:20.469 [main] INFO  testCases.TC008_Wishlist - Validation failed: The result doesn't match the expected text.
