13:22:20.553 [main] INFO  testCases.TC008_Wishlist - ...Ending TC008_Wishlist..... 
13:22:23.603 [main] INFO  testCases.TC009_AddToCart - ...Starting TC009_AddToCart..... 
13:22:25.277 [main] INFO  testCases.TC009_AddToCart - ......Searching product.....
13:23:11.126 [main] DEBUG org.testng.TestNG - suiteXmlPath: "C:\Users\siris\eclipse-workspace\Opencart\master.xml"
13:23:11.398 [main] INFO  org.testng.internal.Utils - [TestNG] Running:
  C:\Users\siris\eclipse-workspace\Opencart\master.xml

13:23:18.446 [main] INFO  testCases.TC009_AddToCart - ...Starting TC009_AddToCart..... 
13:23:19.909 [main] INFO  testCases.TC009_AddToCart - ......Searching product.....
13:30:43.173 [main] DEBUG org.testng.TestNG - suiteXmlPath: "C:\Users\siris\eclipse-workspace\Opencart\master.xml"
13:30:43.402 [main] INFO  org.testng.internal.Utils - [TestNG] Running:
  C:\Users\siris\eclipse-workspace\Opencart\master.xml

13:30:48.549 [main] INFO  testCases.TC009_AddToCart - ...Starting TC009_AddToCart..... 
13:30:49.864 [main] INFO  testCases.TC009_AddToCart - ......Searching product.....
13:34:25.380 [main] DEBUG org.testng.TestNG - suiteXmlPath: "C:\Users\siris\eclipse-workspace\Opencart\master.xml"
13:34:25.586 [main] INFO  org.testng.internal.Utils - [TestNG] Running:
  C:\Users\siris\eclipse-workspace\Opencart\master.xml

13:35:51.040 [main] DEBUG org.testng.TestNG - suiteXmlPath: "C:\Users\siris\eclipse-workspace\Opencart\master.xml"
13:35:51.239 [main] INFO  org.testng.internal.Utils - [TestNG] Running:
  C:\Users\siris\eclipse-workspace\Opencart\master.xml

13:38:18.684 [main] INFO  testCases.TC009_AddToCart - ...Starting TC009_AddToCart..... 
13:38:53.739 [main] DEBUG org.testng.TestNG - suiteXmlPath: "C:\Users\siris\eclipse-workspace\Opencart\master.xml"
13:38:53.944 [main] INFO  org.testng.internal.Utils - [TestNG] Running:
  C:\Users\siris\eclipse-workspace\Opencart\master.xml

13:38:57.799 [main] INFO  testCases.TC009_AddToCart - ...Starting TC009_AddToCart..... 
13:38:59.148 [main] INFO  testCases.TC009_AddToCart - ......Searching product.....
13:41:45.806 [main] DEBUG org.testng.TestNG - suiteXmlPath: "C:\Users\siris\eclipse-workspace\Opencart\master.xml"
13:41:46.016 [main] INFO  org.testng.internal.Utils - [TestNG] Running:
  C:\Users\siris\eclipse-workspace\Opencart\master.xml

13:41:49.073 [main] INFO  testCases.TC009_AddToCart - ...Starting TC009_AddToCart..... 
13:41:50.582 [main] INFO  testCases.TC009_AddToCart - ......Searching product.....
13:45:34.726 [main] DEBUG org.testng.TestNG - suiteXmlPath: "C:\Users\siris\eclipse-workspace\Opencart\master.xml"
13:45:34.930 [main] INFO  org.testng.internal.Utils - [TestNG] Running:
  C:\Users\siris\eclipse-workspace\Opencart\master.xml

13:45:38.362 [main] INFO  testCases.TC009_AddToCart - ...Starting TC009_AddToCart..... 
13:45:39.616 [main] INFO  testCases.TC009_AddToCart - ......Searching product.....
13:45:53.159 [main] ERROR testCases.TC009_AddToCart - Mismatch between number of prices and Add to Cart buttons!
13:46:20.495 [main] DEBUG org.testng.TestNG - suiteXmlPath: "C:\Users\siris\eclipse-workspace\Opencart\master.xml"
13:46:20.701 [main] INFO  org.testng.internal.Utils - [TestNG] Running:
  C:\Users\siris\eclipse-workspace\Opencart\master.xml

13:46:24.387 [main] INFO  testCases.TC009_AddToCart - ...Starting TC009_AddToCart..... 
13:46:25.598 [main] INFO  testCases.TC009_AddToCart - ......Searching product.....
13:46:57.590 [main] ERROR testCases.TC009_AddToCart - Mismatch between number of prices and Add to Cart buttons!
13:52:08.527 [main] DEBUG org.testng.TestNG - suiteXmlPath: "C:\Users\siris\eclipse-workspace\Opencart\master.xml"
13:52:08.750 [main] INFO  org.testng.internal.Utils - [TestNG] Running:
  C:\Users\siris\eclipse-workspace\Opencart\master.xml

13:52:12.456 [main] INFO  testCases.TC009_AddToCart - ...Starting TC009_AddToCart..... 
13:52:13.887 [main] INFO  testCases.TC009_AddToCart - ......Searching product.....
13:52:27.418 [main] ERROR testCases.TC009_AddToCart - Mismatch between number of prices and Add to Cart buttons!
13:15:02.257 [main] DEBUG org.testng.TestNG - suiteXmlPath: "C:\Users\siris\eclipse-workspace\Opencart\master.xml"
13:15:02.487 [main] INFO  org.testng.internal.Utils - [TestNG] Running:
  C:\Users\siris\eclipse-workspace\Opencart\master.xml

13:15:22.619 [main] INFO  testCases.TC009_AddToCart - ...Starting TC009_AddToCart..... 
13:15:23.852 [main] INFO  testCases.TC009_AddToCart - ......Searching product.....
13:15:37.443 [main] ERROR testCases.TC009_AddToCart - Mismatch between number of prices and Add to Cart buttons!
12:22:51.703 [main] DEBUG org.testng.TestNG - suiteXmlPath: "C:\Users\siris\eclipse-workspace\Opencart\master.xml"
12:22:52.085 [main] INFO  org.testng.internal.Utils - [TestNG] Running:
  C:\Users\siris\eclipse-workspace\Opencart\master.xml

12:23:03.133 [main] INFO  testCases.TC009_AddToCart - ...Starting TC009_AddToCart..... 
12:23:10.360 [main] INFO  testCases.TC009_AddToCart - ......Searching product.....
